Week3-workspace/MyBrowser/build/outputs/logs/manifest-merger-debug-report.txt
-- Merging decision tree log ---
manifest
ADDED from Week3-workspace\MyBrowser\AndroidManifest.xml:2:1-35:12
	package
		ADDED from Week3-workspace\MyBrowser\AndroidManifest.xml:3:5-47
	android:versionName
		ADDED from Week3-workspace\MyBrowser\AndroidManifest.xml:5:5-30
		INJECTED from Week3-workspace\MyBrowser\AndroidManifest.xml
		INJECTED from Week3-workspace\MyBrowser\AndroidManifest.xml
	android:versionCode
		ADDED from Week3-workspace\MyBrowser\AndroidManifest.xml:4:5-28
		INJECTED from Week3-workspace\MyBrowser\AndroidManifest.xml
		INJECTED from Week3-workspace\MyBrowser\AndroidManifest.xml
	xmlns:android
		ADDED from Week3-workspace\MyBrowser\AndroidManifest.xml:2:11-69
uses-sdk
ADDED from Week3-workspace\MyBrowser\AndroidManifest.xml:7:5-9:41
	android:targetSdkVersion
		ADDED from Week3-workspace\MyBrowser\AndroidManifest.xml:9:9-38
	android:minSdkVersion
		ADDED from Week3-workspace\MyBrowser\AndroidManifest.xml:8:9-35
application
ADDED from Week3-workspace\MyBrowser\AndroidManifest.xml:11:5-33:19
	android:label
		ADDED from Week3-workspace\MyBrowser\AndroidManifest.xml:14:9-41
	android:allowBackup
		ADDED from Week3-workspace\MyBrowser\AndroidManifest.xml:12:9-35
	android:icon
		ADDED from Week3-workspace\MyBrowser\AndroidManifest.xml:13:9-45
	android:theme
		ADDED from Week3-workspace\MyBrowser\AndroidManifest.xml:15:9-40
activity#course.labs.intentslab.mybrowser.MyBrowserActivity
ADDED from Week3-workspace\MyBrowser\AndroidManifest.xml:16:9-32:20
	android:label
		ADDED from Week3-workspace\MyBrowser\AndroidManifest.xml:18:13-45
	android:name
		ADDED from Week3-workspace\MyBrowser\AndroidManifest.xml:17:13-46
intent-filter#android.intent.action.MAIN+android.intent.action.VIEW+android.intent.category.BROWSABLE+android.intent.category.DEFAULT+android.intent.category.LAUNCHER
ADDED from Week3-workspace\MyBrowser\AndroidManifest.xml:19:13-26:29
action#android.intent.action.MAIN
ADDED from Week3-workspace\MyBrowser\AndroidManifest.xml:20:17-69
	android:name
		ADDED from Week3-workspace\MyBrowser\AndroidManifest.xml:20:25-66
action#android.intent.action.VIEW
ADDED from Week3-workspace\MyBrowser\AndroidManifest.xml:21:5-57
	android:name
		ADDED from Week3-workspace\MyBrowser\AndroidManifest.xml:21:13-54
category#android.intent.category.LAUNCHER
ADDED from Week3-workspace\MyBrowser\AndroidManifest.xml:22:5-65
	android:name
		ADDED from Week3-workspace\MyBrowser\AndroidManifest.xml:22:15-62
category#android.intent.category.DEFAULT
ADDED from Week3-workspace\MyBrowser\AndroidManifest.xml:23:5-64
	android:name
		ADDED from Week3-workspace\MyBrowser\AndroidManifest.xml:23:15-61
category#android.intent.category.BROWSABLE
ADDED from Week3-workspace\MyBrowser\AndroidManifest.xml:24:5-66
	android:name
		ADDED from Week3-workspace\MyBrowser\AndroidManifest.xml:24:15-63
data
ADDED from Week3-workspace\MyBrowser\AndroidManifest.xml:25:5-35
	android:scheme
		ADDED from Week3-workspace\MyBrowser\AndroidManifest.xml:25:11-32